0 info it worked if it ends with ok
1 verbose cli [ 'C:\\Program Files\\nodejs\\node.exe',
1 verbose cli   'C:\\Program Files\\nodejs\\node_modules\\npm\\bin\\npm-cli.js',
1 verbose cli   'start' ]
2 info using npm@3.10.10
3 info using node@v6.11.5
4 verbose run-script [ 'prestart', 'start', 'poststart' ]
5 info lifecycle tw@1.0.0~prestart: tw@1.0.0
6 silly lifecycle tw@1.0.0~prestart: no script for prestart, continuing
7 info lifecycle tw@1.0.0~start: tw@1.0.0
8 verbose lifecycle tw@1.0.0~start: unsafe-perm in lifecycle true
9 verbose lifecycle tw@1.0.0~start: PATH: C:\Program Files\nodejs\node_modules\npm\bin\node-gyp-bin;C:\wamp\www\tw\node_modules\.bin;C:\ProgramData\Oracle\Java\javapath;C:\Program Files (x86)\Intel\iCLS Client\;C:\Program Files\Intel\iCLS Client\;C:\WINDOWS\system32;C:\WINDOWS;C:\WINDOWS\System32\Wbem;C:\WINDOWS\System32\WindowsPowerShell\v1.0\;C:\Program Files (x86)\Intel\Intel(R) Management Engine Components\DAL;C:\Program Files\Intel\Intel(R) Management Engine Components\DAL;C:\Program Files (x86)\Intel\Intel(R) Management Engine Components\IPT;C:\Program Files\Intel\Intel(R) Management Engine Components\IPT;C:\Program Files\nodejs\;C:\Program Files\Java\jdk-9.0.1\bin;C:\Program Files\Git\cmd;C:\Users\sande\AppData\Local\Microsoft\WindowsApps;C:\Users\sande\AppData\Local\GitHubDesktop\bin;C:\Program Files\Microsoft VS Code\bin;C:\Users\sande\AppData\Roaming\npm;C:\Users\sande\AppData\Local\Microsoft\WindowsApps;C:\Program Files\Heroku\bin
10 verbose lifecycle tw@1.0.0~start: CWD: C:\wamp\www\tw
11 silly lifecycle tw@1.0.0~start: Args: [ '/d /s /c', 'webpack-dev-server --hot' ]
12 silly lifecycle tw@1.0.0~start: Returned: code: 1  signal: null
13 info lifecycle tw@1.0.0~start: Failed to exec start script
14 verbose stack Error: tw@1.0.0 start: `webpack-dev-server --hot`
14 verbose stack Exit status 1
14 verbose stack     at EventEmitter.<anonymous> (C:\Program Files\nodejs\node_modules\npm\lib\utils\lifecycle.js:255:16)
14 verbose stack     at emitTwo (events.js:106:13)
14 verbose stack     at EventEmitter.emit (events.js:191:7)
14 verbose stack     at ChildProcess.<anonymous> (C:\Program Files\nodejs\node_modules\npm\lib\utils\spawn.js:40:14)
14 verbose stack     at emitTwo (events.js:106:13)
14 verbose stack     at ChildProcess.emit (events.js:191:7)
14 verbose stack     at maybeClose (internal/child_process.js:920:16)
14 verbose stack     at Process.ChildProcess._handle.onexit (internal/child_process.js:230:5)
15 verbose pkgid tw@1.0.0
16 verbose cwd C:\wamp\www\tw
17 error Windows_NT 10.0.16299
18 error argv "C:\\Program Files\\nodejs\\node.exe" "C:\\Program Files\\nodejs\\node_modules\\npm\\bin\\npm-cli.js" "start"
19 error node v6.11.5
20 error npm  v3.10.10
21 error code ELIFECYCLE
22 error tw@1.0.0 start: `webpack-dev-server --hot`
22 error Exit status 1
23 error Failed at the tw@1.0.0 start script 'webpack-dev-server --hot'.
23 error Make sure you have the latest version of node.js and npm installed.
23 error If you do, this is most likely a problem with the tw package,
23 error not with npm itself.
23 error Tell the author that this fails on your system:
23 error     webpack-dev-server --hot
23 error You can get information on how to open an issue for this project with:
23 error     npm bugs tw
23 error Or if that isn't available, you can get their info via:
23 error     npm owner ls tw
23 error There is likely additional logging output above.
24 verbose exit [ 1, true ]
